
{
	gl.supports_OES_map_buffer: false
	gl.supports_vertex_array_object: true
	cocos2d.x.version: Quick-Cocos2dx-Community 3.7.1 Release
	gl.vendor: NVIDIA Corporation
	gl.supports_PVRTC: false
	gl.renderer: NVIDIA GeForce GT 750M OpenGL Engine
	cocos2d.x.compiled_with_profiler: false
	cocos2d.x.build_type: DEBUG
	cocos2d.x.compiled_with_gl_state_cache: true
	gl.max_texture_size: 16384
	gl.supports_ETC1: false
	gl.supports_BGRA8888: false
	gl.max_texture_units: 16
	gl.supports_OES_packed_depth_stencil: false
	gl.supports_ATITC: false
	gl.supports_discard_framebuffer: false
	gl.supports_NPOT: true
	gl.version: 2.1 NVIDIA-10.10.13 310.42.25f01
	gl.supports_S3TC: true
	gl.supports_OES_depth24: false
}


Quick-Cocos2dx-Community C++ support ready.
------------------------------------------------
LOAD LUA FILE: /Users/jay/Documents/cocos2dx-lua/RoyalHall/client/base/src/main.lua
------------------------------------------------
[LUA-print] h_config.jsonnot found!
[LUA ERROR] [string "/Users/jay/Documents/cocos2dx-lua/RoyalHall/client/base/src/main.lua"]:19: bad argument #2 to 'xpcall' (function expected, got nil)
